# JRE version: OpenJDK Runtime Environment (8.0_212-b03) (build 1.8.0_212-8u212-b03-0ubuntu1.16.04.1-b03)
# Java VM: OpenJDK 64-Bit Server VM (25.212-b03 mixed mode linux-amd64 compressed oops)
Heap:
 PSYoungGen      total 41984K, used 37807K [0x0000000719200000, 0x000000071ef00000, 0x00000007c0000000)
  eden space 41472K, 90% used [0x0000000719200000,0x000000071b6d3d10,0x000000071ba80000)
  from space 512K, 18% used [0x000000071ee00000,0x000000071ee18000,0x000000071ee80000)
  to   space 512K, 0% used [0x000000071ee80000,0x000000071ee80000,0x000000071ef00000)
 ParOldGen       total 343040K, used 7982K [0x00000005cb600000, 0x00000005e0500000, 0x0000000719200000)
  object space 343040K, 2% used [0x00000005cb600000,0x00000005cbdcb900,0x00000005e0500000)
 Metaspace       used 12189K, capacity 12486K, committed 12672K, reserved 1060864K
  class space    used 1224K, capacity 1337K, committed 1408K, reserved 1048576K
GC Heap History (10 events):
Event: 14309,360 GC heap before
{Heap before GC invocations=233 (full 0):
 PSYoungGen      total 41984K, used 41568K [0x0000000719200000, 0x000000071ef00000, 0x00000007c0000000)
  eden space 41472K, 100% used [0x0000000719200000,0x000000071ba80000,0x000000071ba80000)
  from space 512K, 18% used [0x000000071ee80000,0x000000071ee98000,0x000000071ef00000)
  to   space 512K, 0% used [0x000000071ee00000,0x000000071ee00000,0x000000071ee80000)
 ParOldGen       total 343040K, used 7982K [0x00000005cb600000, 0x00000005e0500000, 0x0000000719200000)
  object space 343040K, 2% used [0x00000005cb600000,0x00000005cbdcb900,0x00000005e0500000)
 Metaspace       used 12179K, capacity 12390K, committed 12672K, reserved 1060864K
  class space    used 1223K, capacity 1305K, committed 1408K, reserved 1048576K
Event: 14309,364 GC heap after
Heap after GC invocations=233 (full 0):
 PSYoungGen      total 41984K, used 128K [0x0000000719200000, 0x000000071ef00000, 0x00000007c0000000)
  eden space 41472K, 0% used [0x0000000719200000,0x0000000719200000,0x000000071ba80000)
  from space 512K, 25% used [0x000000071ee00000,0x000000071ee20000,0x000000071ee80000)
  to   space 512K, 0% used [0x000000071ee80000,0x000000071ee80000,0x000000071ef00000)
 ParOldGen       total 343040K, used 7982K [0x00000005cb600000, 0x00000005e0500000, 0x0000000719200000)
  object space 343040K, 2% used [0x00000005cb600000,0x00000005cbdcb900,0x00000005e0500000)
 Metaspace       used 12179K, capacity 12390K, committed 12672K, reserved 1060864K
  class space    used 1223K, capacity 1305K, committed 1408K, reserved 1048576K
}
Event: 14369,096 GC heap before
{Heap before GC invocations=234 (full 0):
 PSYoungGen      total 41984K, used 41600K [0x0000000719200000, 0x000000071ef00000, 0x00000007c0000000)
  eden space 41472K, 100% used [0x0000000719200000,0x000000071ba80000,0x000000071ba80000)
  from space 512K, 25% used [0x000000071ee00000,0x000000071ee20000,0x000000071ee80000)
  to   space 512K, 0% used [0x000000071ee80000,0x000000071ee80000,0x000000071ef00000)
 ParOldGen       total 343040K, used 7982K [0x00000005cb600000, 0x00000005e0500000, 0x0000000719200000)
  object space 343040K, 2% used [0x00000005cb600000,0x00000005cbdcb900,0x00000005e0500000)
 Metaspace       used 12179K, capacity 12390K, committed 12672K, reserved 1060864K
  class space    used 1223K, capacity 1305K, committed 1408K, reserved 1048576K
Event: 14369,099 GC heap after
Heap after GC invocations=234 (full 0):
 PSYoungGen      total 41984K, used 32K [0x0000000719200000, 0x000000071ef00000, 0x00000007c0000000)
  eden space 41472K, 0% used [0x0000000719200000,0x0000000719200000,0x000000071ba80000)
  from space 512K, 6% used [0x000000071ee80000,0x000000071ee88000,0x000000071ef00000)
  to   space 512K, 0% used [0x000000071ee00000,0x000000071ee00000,0x000000071ee80000)
 ParOldGen       total 343040K, used 7982K [0x00000005cb600000, 0x00000005e0500000, 0x0000000719200000)
  object space 343040K, 2% used [0x00000005cb600000,0x00000005cbdcb900,0x00000005e0500000)
 Metaspace       used 12179K, capacity 12390K, committed 12672K, reserved 1060864K
  class space    used 1223K, capacity 1305K, committed 1408K, reserved 1048576K
}
Event: 14428,863 GC heap before
{Heap before GC invocations=235 (full 0):
 PSYoungGen      total 41984K, used 41504K [0x0000000719200000, 0x000000071ef00000, 0x00000007c0000000)
  eden space 41472K, 100% used [0x0000000719200000,0x000000071ba80000,0x000000071ba80000)
  from space 512K, 6% used [0x000000071ee80000,0x000000071ee88000,0x000000071ef00000)
  to   space 512K, 0% used [0x000000071ee00000,0x000000071ee00000,0x000000071ee80000)
 ParOldGen       total 343040K, used 7982K [0x00000005cb600000, 0x00000005e0500000, 0x0000000719200000)
  object space 343040K, 2% used [0x00000005cb600000,0x00000005cbdcb900,0x00000005e0500000)
 Metaspace       used 12179K, capacity 12390K, committed 12672K, reserved 1060864K
  class space    used 1223K, capacity 1305K, committed 1408K, reserved 1048576K
Event: 14428,866 GC heap after
Heap after GC invocations=235 (full 0):
 PSYoungGen      total 41984K, used 64K [0x0000000719200000, 0x000000071ef00000, 0x00000007c0000000)
  eden space 41472K, 0% used [0x0000000719200000,0x0000000719200000,0x000000071ba80000)
  from space 512K, 12% used [0x000000071ee00000,0x000000071ee10000,0x000000071ee80000)
  to   space 512K, 0% used [0x000000071ee80000,0x000000071ee80000,0x000000071ef00000)
 ParOldGen       total 343040K, used 7982K [0x00000005cb600000, 0x00000005e0500000, 0x0000000719200000)
  object space 343040K, 2% used [0x00000005cb600000,0x00000005cbdcb900,0x00000005e0500000)
 Metaspace       used 12179K, capacity 12390K, committed 12672K, reserved 1060864K
  class space    used 1223K, capacity 1305K, committed 1408K, reserved 1048576K
}
Event: 14488,973 GC heap before
{Heap before GC invocations=236 (full 0):
 PSYoungGen      total 41984K, used 41536K [0x0000000719200000, 0x000000071ef00000, 0x00000007c0000000)
  eden space 41472K, 100% used [0x0000000719200000,0x000000071ba80000,0x000000071ba80000)
  from space 512K, 12% used [0x000000071ee00000,0x000000071ee10000,0x000000071ee80000)
  to   space 512K, 0% used [0x000000071ee80000,0x000000071ee80000,0x000000071ef00000)
 ParOldGen       total 343040K, used 7982K [0x00000005cb600000, 0x00000005e0500000, 0x0000000719200000)
  object space 343040K, 2% used [0x00000005cb600000,0x00000005cbdcb900,0x00000005e0500000)
 Metaspace       used 12179K, capacity 12390K, committed 12672K, reserved 1060864K
  class space    used 1223K, capacity 1305K, committed 1408K, reserved 1048576K
Event: 14488,974 GC heap after
Heap after GC invocations=236 (full 0):
 PSYoungGen      total 41984K, used 128K [0x0000000719200000, 0x000000071ef00000, 0x00000007c0000000)
  eden space 41472K, 0% used [0x0000000719200000,0x0000000719200000,0x000000071ba80000)
  from space 512K, 25% used [0x000000071ee80000,0x000000071eea0000,0x000000071ef00000)
  to   space 512K, 0% used [0x000000071ee00000,0x000000071ee00000,0x000000071ee80000)
 ParOldGen       total 343040K, used 7982K [0x00000005cb600000, 0x00000005e0500000, 0x0000000719200000)
  object space 343040K, 2% used [0x00000005cb600000,0x00000005cbdcb900,0x00000005e0500000)
 Metaspace       used 12179K, capacity 12390K, committed 12672K, reserved 1060864K
  class space    used 1223K, capacity 1305K, committed 1408K, reserved 1048576K
}
Event: 14548,582 GC heap before
{Heap before GC invocations=237 (full 0):
 PSYoungGen      total 41984K, used 41600K [0x0000000719200000, 0x000000071ef00000, 0x00000007c0000000)
  eden space 41472K, 100% used [0x0000000719200000,0x000000071ba80000,0x000000071ba80000)
  from space 512K, 25% used [0x000000071ee80000,0x000000071eea0000,0x000000071ef00000)
  to   space 512K, 0% used [0x000000071ee00000,0x000000071ee00000,0x000000071ee80000)
 ParOldGen       total 343040K, used 7982K [0x00000005cb600000, 0x00000005e0500000, 0x0000000719200000)
  object space 343040K, 2% used [0x00000005cb600000,0x00000005cbdcb900,0x00000005e0500000)
 Metaspace       used 12179K, capacity 12390K, committed 12672K, reserved 1060864K
  class space    used 1223K, capacity 1305K, committed 1408K, reserved 1048576K
Event: 14548,586 GC heap after
Heap after GC invocations=237 (full 0):
 PSYoungGen      total 41984K, used 96K [0x0000000719200000, 0x000000071ef00000, 0x00000007c0000000)
  eden space 41472K, 0% used [0x0000000719200000,0x0000000719200000,0x000000071ba80000)
  from space 512K, 18% used [0x000000071ee00000,0x000000071ee18000,0x000000071ee80000)
  to   space 512K, 0% used [0x000000071ee80000,0x000000071ee80000,0x000000071ef00000)
 ParOldGen       total 343040K, used 7982K [0x00000005cb600000, 0x00000005e0500000, 0x0000000719200000)
  object space 343040K, 2% used [0x00000005cb600000,0x00000005cbdcb900,0x00000005e0500000)
 Metaspace       used 12179K, capacity 12390K, committed 12672K, reserved 1060864K
  class space    used 1223K, capacity 1305K, committed 1408K, reserved 1048576K
}

