# JRE version: OpenJDK Runtime Environment (8.0_212-b03) (build 1.8.0_212-8u212-b03-0ubuntu1.16.04.1-b03)
# Java VM: OpenJDK 64-Bit Server VM (25.212-b03 mixed mode linux-amd64 compressed oops)
Heap:
 PSYoungGen      total 150016K, used 98676K [0x0000000719200000, 0x0000000723900000, 0x00000007c0000000)
  eden space 129024K, 75% used [0x0000000719200000,0x000000071f089088,0x0000000721000000)
  from space 20992K, 8% used [0x0000000721000000,0x00000007211d4010,0x0000000722480000)
  to   space 20992K, 0% used [0x0000000722480000,0x0000000722480000,0x0000000723900000)
 ParOldGen       total 343040K, used 32K [0x00000005cb600000, 0x00000005e0500000, 0x0000000719200000)
  object space 343040K, 0% used [0x00000005cb600000,0x00000005cb608000,0x00000005e0500000)
 Metaspace       used 10950K, capacity 11138K, committed 11392K, reserved 1058816K
  class space    used 1210K, capacity 1303K, committed 1408K, reserved 1048576K
GC Heap History (6 events):
Event: 623,372 GC heap before
{Heap before GC invocations=1 (full 0):
 PSYoungGen      total 150016K, used 129024K [0x0000000719200000, 0x0000000723900000, 0x00000007c0000000)
  eden space 129024K, 100% used [0x0000000719200000,0x0000000721000000,0x0000000721000000)
  from space 20992K, 0% used [0x0000000722480000,0x0000000722480000,0x0000000723900000)
  to   space 20992K, 0% used [0x0000000721000000,0x0000000721000000,0x0000000722480000)
 ParOldGen       total 343040K, used 0K [0x00000005cb600000, 0x00000005e0500000, 0x0000000719200000)
  object space 343040K, 0% used [0x00000005cb600000,0x00000005cb600000,0x00000005e0500000)
 Metaspace       used 10899K, capacity 11138K, committed 11392K, reserved 1058816K
  class space    used 1208K, capacity 1303K, committed 1408K, reserved 1048576K
Event: 623,376 GC heap after
Heap after GC invocations=1 (full 0):
 PSYoungGen      total 150016K, used 2032K [0x0000000719200000, 0x0000000723900000, 0x00000007c0000000)
  eden space 129024K, 0% used [0x0000000719200000,0x0000000719200000,0x0000000721000000)
  from space 20992K, 9% used [0x0000000721000000,0x00000007211fc010,0x0000000722480000)
  to   space 20992K, 0% used [0x0000000722480000,0x0000000722480000,0x0000000723900000)
 ParOldGen       total 343040K, used 16K [0x00000005cb600000, 0x00000005e0500000, 0x0000000719200000)
  object space 343040K, 0% used [0x00000005cb600000,0x00000005cb604000,0x00000005e0500000)
 Metaspace       used 10899K, capacity 11138K, committed 11392K, reserved 1058816K
  class space    used 1208K, capacity 1303K, committed 1408K, reserved 1048576K
}
Event: 2075,489 GC heap before
{Heap before GC invocations=2 (full 0):
 PSYoungGen      total 150016K, used 131056K [0x0000000719200000, 0x0000000723900000, 0x00000007c0000000)
  eden space 129024K, 100% used [0x0000000719200000,0x0000000721000000,0x0000000721000000)
  from space 20992K, 9% used [0x0000000721000000,0x00000007211fc010,0x0000000722480000)
  to   space 20992K, 0% used [0x0000000722480000,0x0000000722480000,0x0000000723900000)
 ParOldGen       total 343040K, used 16K [0x00000005cb600000, 0x00000005e0500000, 0x0000000719200000)
  object space 343040K, 0% used [0x00000005cb600000,0x00000005cb604000,0x00000005e0500000)
 Metaspace       used 10923K, capacity 11138K, committed 11392K, reserved 1058816K
  class space    used 1208K, capacity 1303K, committed 1408K, reserved 1048576K
Event: 2075,493 GC heap after
Heap after GC invocations=2 (full 0):
 PSYoungGen      total 150016K, used 1824K [0x0000000719200000, 0x0000000723900000, 0x00000007c0000000)
  eden space 129024K, 0% used [0x0000000719200000,0x0000000719200000,0x0000000721000000)
  from space 20992K, 8% used [0x0000000722480000,0x0000000722648020,0x0000000723900000)
  to   space 20992K, 0% used [0x0000000721000000,0x0000000721000000,0x0000000722480000)
 ParOldGen       total 343040K, used 24K [0x00000005cb600000, 0x00000005e0500000, 0x0000000719200000)
  object space 343040K, 0% used [0x00000005cb600000,0x00000005cb606000,0x00000005e0500000)
 Metaspace       used 10923K, capacity 11138K, committed 11392K, reserved 1058816K
  class space    used 1208K, capacity 1303K, committed 1408K, reserved 1048576K
}
Event: 3580,298 GC heap before
{Heap before GC invocations=3 (full 0):
 PSYoungGen      total 150016K, used 130848K [0x0000000719200000, 0x0000000723900000, 0x00000007c0000000)
  eden space 129024K, 100% used [0x0000000719200000,0x0000000721000000,0x0000000721000000)
  from space 20992K, 8% used [0x0000000722480000,0x0000000722648020,0x0000000723900000)
  to   space 20992K, 0% used [0x0000000721000000,0x0000000721000000,0x0000000722480000)
 ParOldGen       total 343040K, used 24K [0x00000005cb600000, 0x00000005e0500000, 0x0000000719200000)
  object space 343040K, 0% used [0x00000005cb600000,0x00000005cb606000,0x00000005e0500000)
 Metaspace       used 10940K, capacity 11138K, committed 11392K, reserved 1058816K
  class space    used 1208K, capacity 1303K, committed 1408K, reserved 1048576K
Event: 3580,305 GC heap after
Heap after GC invocations=3 (full 0):
 PSYoungGen      total 150016K, used 1872K [0x0000000719200000, 0x0000000723900000, 0x00000007c0000000)
  eden space 129024K, 0% used [0x0000000719200000,0x0000000719200000,0x0000000721000000)
  from space 20992K, 8% used [0x0000000721000000,0x00000007211d4010,0x0000000722480000)
  to   space 20992K, 0% used [0x0000000722480000,0x0000000722480000,0x0000000723900000)
 ParOldGen       total 343040K, used 32K [0x00000005cb600000, 0x00000005e0500000, 0x0000000719200000)
  object space 343040K, 0% used [0x00000005cb600000,0x00000005cb608000,0x00000005e0500000)
 Metaspace       used 10940K, capacity 11138K, committed 11392K, reserved 1058816K
  class space    used 1208K, capacity 1303K, committed 1408K, reserved 1048576K
}

