# JRE version: OpenJDK Runtime Environment (8.0_212-b03) (build 1.8.0_212-8u212-b03-0ubuntu1.16.04.1-b03)
# Java VM: OpenJDK 64-Bit Server VM (25.212-b03 mixed mode linux-amd64 compressed oops)
Heap:
 PSYoungGen      total 41984K, used 29615K [0x0000000719200000, 0x000000071f300000, 0x00000007c0000000)
  eden space 41472K, 71% used [0x0000000719200000,0x000000071aecbd88,0x000000071ba80000)
  from space 512K, 25% used [0x000000071f200000,0x000000071f220000,0x000000071f280000)
  to   space 512K, 0% used [0x000000071f280000,0x000000071f280000,0x000000071f300000)
 ParOldGen       total 343040K, used 8107K [0x00000005cb600000, 0x00000005e0500000, 0x0000000719200000)
  object space 343040K, 2% used [0x00000005cb600000,0x00000005cbdeade8,0x00000005e0500000)
 Metaspace       used 12083K, capacity 12318K, committed 12672K, reserved 1060864K
  class space    used 1217K, capacity 1305K, committed 1408K, reserved 1048576K
GC Heap History (10 events):
Event: 18652,251 GC heap before
{Heap before GC invocations=321 (full 0):
 PSYoungGen      total 41984K, used 41600K [0x0000000719200000, 0x000000071f300000, 0x00000007c0000000)
  eden space 41472K, 100% used [0x0000000719200000,0x000000071ba80000,0x000000071ba80000)
  from space 512K, 25% used [0x000000071f280000,0x000000071f2a0000,0x000000071f300000)
  to   space 512K, 0% used [0x000000071f200000,0x000000071f200000,0x000000071f280000)
 ParOldGen       total 343040K, used 8107K [0x00000005cb600000, 0x00000005e0500000, 0x0000000719200000)
  object space 343040K, 2% used [0x00000005cb600000,0x00000005cbdeade8,0x00000005e0500000)
 Metaspace       used 12073K, capacity 12318K, committed 12672K, reserved 1060864K
  class space    used 1216K, capacity 1305K, committed 1408K, reserved 1048576K
Event: 18652,254 GC heap after
Heap after GC invocations=321 (full 0):
 PSYoungGen      total 41984K, used 64K [0x0000000719200000, 0x000000071f300000, 0x00000007c0000000)
  eden space 41472K, 0% used [0x0000000719200000,0x0000000719200000,0x000000071ba80000)
  from space 512K, 12% used [0x000000071f200000,0x000000071f210000,0x000000071f280000)
  to   space 512K, 0% used [0x000000071f280000,0x000000071f280000,0x000000071f300000)
 ParOldGen       total 343040K, used 8107K [0x00000005cb600000, 0x00000005e0500000, 0x0000000719200000)
  object space 343040K, 2% used [0x00000005cb600000,0x00000005cbdeade8,0x00000005e0500000)
 Metaspace       used 12073K, capacity 12318K, committed 12672K, reserved 1060864K
  class space    used 1216K, capacity 1305K, committed 1408K, reserved 1048576K
}
Event: 18709,783 GC heap before
{Heap before GC invocations=322 (full 0):
 PSYoungGen      total 41984K, used 41536K [0x0000000719200000, 0x000000071f300000, 0x00000007c0000000)
  eden space 41472K, 100% used [0x0000000719200000,0x000000071ba80000,0x000000071ba80000)
  from space 512K, 12% used [0x000000071f200000,0x000000071f210000,0x000000071f280000)
  to   space 512K, 0% used [0x000000071f280000,0x000000071f280000,0x000000071f300000)
 ParOldGen       total 343040K, used 8107K [0x00000005cb600000, 0x00000005e0500000, 0x0000000719200000)
  object space 343040K, 2% used [0x00000005cb600000,0x00000005cbdeade8,0x00000005e0500000)
 Metaspace       used 12073K, capacity 12318K, committed 12672K, reserved 1060864K
  class space    used 1216K, capacity 1305K, committed 1408K, reserved 1048576K
Event: 18709,786 GC heap after
Heap after GC invocations=322 (full 0):
 PSYoungGen      total 41984K, used 96K [0x0000000719200000, 0x000000071f300000, 0x00000007c0000000)
  eden space 41472K, 0% used [0x0000000719200000,0x0000000719200000,0x000000071ba80000)
  from space 512K, 18% used [0x000000071f280000,0x000000071f298000,0x000000071f300000)
  to   space 512K, 0% used [0x000000071f200000,0x000000071f200000,0x000000071f280000)
 ParOldGen       total 343040K, used 8107K [0x00000005cb600000, 0x00000005e0500000, 0x0000000719200000)
  object space 343040K, 2% used [0x00000005cb600000,0x00000005cbdeade8,0x00000005e0500000)
 Metaspace       used 12073K, capacity 12318K, committed 12672K, reserved 1060864K
  class space    used 1216K, capacity 1305K, committed 1408K, reserved 1048576K
}
Event: 18767,495 GC heap before
{Heap before GC invocations=323 (full 0):
 PSYoungGen      total 41984K, used 41568K [0x0000000719200000, 0x000000071f300000, 0x00000007c0000000)
  eden space 41472K, 100% used [0x0000000719200000,0x000000071ba80000,0x000000071ba80000)
  from space 512K, 18% used [0x000000071f280000,0x000000071f298000,0x000000071f300000)
  to   space 512K, 0% used [0x000000071f200000,0x000000071f200000,0x000000071f280000)
 ParOldGen       total 343040K, used 8107K [0x00000005cb600000, 0x00000005e0500000, 0x0000000719200000)
  object space 343040K, 2% used [0x00000005cb600000,0x00000005cbdeade8,0x00000005e0500000)
 Metaspace       used 12073K, capacity 12318K, committed 12672K, reserved 1060864K
  class space    used 1216K, capacity 1305K, committed 1408K, reserved 1048576K
Event: 18767,498 GC heap after
Heap after GC invocations=323 (full 0):
 PSYoungGen      total 41984K, used 96K [0x0000000719200000, 0x000000071f300000, 0x00000007c0000000)
  eden space 41472K, 0% used [0x0000000719200000,0x0000000719200000,0x000000071ba80000)
  from space 512K, 18% used [0x000000071f200000,0x000000071f218000,0x000000071f280000)
  to   space 512K, 0% used [0x000000071f280000,0x000000071f280000,0x000000071f300000)
 ParOldGen       total 343040K, used 8107K [0x00000005cb600000, 0x00000005e0500000, 0x0000000719200000)
  object space 343040K, 2% used [0x00000005cb600000,0x00000005cbdeade8,0x00000005e0500000)
 Metaspace       used 12073K, capacity 12318K, committed 12672K, reserved 1060864K
  class space    used 1216K, capacity 1305K, committed 1408K, reserved 1048576K
}
Event: 18825,490 GC heap before
{Heap before GC invocations=324 (full 0):
 PSYoungGen      total 41984K, used 41568K [0x0000000719200000, 0x000000071f300000, 0x00000007c0000000)
  eden space 41472K, 100% used [0x0000000719200000,0x000000071ba80000,0x000000071ba80000)
  from space 512K, 18% used [0x000000071f200000,0x000000071f218000,0x000000071f280000)
  to   space 512K, 0% used [0x000000071f280000,0x000000071f280000,0x000000071f300000)
 ParOldGen       total 343040K, used 8107K [0x00000005cb600000, 0x00000005e0500000, 0x0000000719200000)
  object space 343040K, 2% used [0x00000005cb600000,0x00000005cbdeade8,0x00000005e0500000)
 Metaspace       used 12073K, capacity 12318K, committed 12672K, reserved 1060864K
  class space    used 1216K, capacity 1305K, committed 1408K, reserved 1048576K
Event: 18825,495 GC heap after
Heap after GC invocations=324 (full 0):
 PSYoungGen      total 41984K, used 64K [0x0000000719200000, 0x000000071f300000, 0x00000007c0000000)
  eden space 41472K, 0% used [0x0000000719200000,0x0000000719200000,0x000000071ba80000)
  from space 512K, 12% used [0x000000071f280000,0x000000071f290000,0x000000071f300000)
  to   space 512K, 0% used [0x000000071f200000,0x000000071f200000,0x000000071f280000)
 ParOldGen       total 343040K, used 8107K [0x00000005cb600000, 0x00000005e0500000, 0x0000000719200000)
  object space 343040K, 2% used [0x00000005cb600000,0x00000005cbdeade8,0x00000005e0500000)
 Metaspace       used 12073K, capacity 12318K, committed 12672K, reserved 1060864K
  class space    used 1216K, capacity 1305K, committed 1408K, reserved 1048576K
}
Event: 18883,025 GC heap before
{Heap before GC invocations=325 (full 0):
 PSYoungGen      total 41984K, used 41536K [0x0000000719200000, 0x000000071f300000, 0x00000007c0000000)
  eden space 41472K, 100% used [0x0000000719200000,0x000000071ba80000,0x000000071ba80000)
  from space 512K, 12% used [0x000000071f280000,0x000000071f290000,0x000000071f300000)
  to   space 512K, 0% used [0x000000071f200000,0x000000071f200000,0x000000071f280000)
 ParOldGen       total 343040K, used 8107K [0x00000005cb600000, 0x00000005e0500000, 0x0000000719200000)
  object space 343040K, 2% used [0x00000005cb600000,0x00000005cbdeade8,0x00000005e0500000)
 Metaspace       used 12073K, capacity 12318K, committed 12672K, reserved 1060864K
  class space    used 1216K, capacity 1305K, committed 1408K, reserved 1048576K
Event: 18883,028 GC heap after
Heap after GC invocations=325 (full 0):
 PSYoungGen      total 41984K, used 128K [0x0000000719200000, 0x000000071f300000, 0x00000007c0000000)
  eden space 41472K, 0% used [0x0000000719200000,0x0000000719200000,0x000000071ba80000)
  from space 512K, 25% used [0x000000071f200000,0x000000071f220000,0x000000071f280000)
  to   space 512K, 0% used [0x000000071f280000,0x000000071f280000,0x000000071f300000)
 ParOldGen       total 343040K, used 8107K [0x00000005cb600000, 0x00000005e0500000, 0x0000000719200000)
  object space 343040K, 2% used [0x00000005cb600000,0x00000005cbdeade8,0x00000005e0500000)
 Metaspace       used 12073K, capacity 12318K, committed 12672K, reserved 1060864K
  class space    used 1216K, capacity 1305K, committed 1408K, reserved 1048576K
}

